Starting pur_porringer as ubuntu
debian-reference-common.desktop
hi
idle3.desktop
idle.desktop
lxterminal.desktop
midori.desktop
ocr_resources.desktop
pistore.desktop
python-games.desktop
scratch.desktop
shutdown.desktop
wolfram-language.desktop
wolfram-mathematica.desktop
wpa_gui.desktop
debian-reference-common.desktop
hi
idle3.desktop
idle.desktop
lxterminal.desktop
midori.desktop
ocr_resources.desktop
pistore.desktop
python-games.desktop
scratch.desktop
shutdown.desktop
wolfram-language.desktop
wolfram-mathematica.desktop
wpa_gui.desktop
Starting pur_porringer as ubuntu
debian-reference-common.desktop
hi
idle3.desktop
idle.desktop
lxterminal.desktop
midori.desktop
ocr_resources.desktop
pistore.desktop
python-games.desktop
scratch.desktop
shutdown.desktop
wolfram-language.desktop
wolfram-mathematica.desktop
wpa_gui.desktop
Starting pur_porringer as ubuntu
